<?xml version="1.0" encoding="UTF-8"?>
<!-- Generated by org.testng.reporters.JUnitReportReporter -->
<testsuite hostname="DESKTOP-7NTH077" failures="0" tests="1" name="com.atg.qa.horse.Selectingversions" time="8.325" errors="0" timestamp="2021-11-08T18:40:54 CET" skipped="0">
  <testcase classname="com.atg.qa.horse.Selectingversions" name="homepageNavigation" time="8.325"/>
  <system-out/>
</testsuite> <!-- com.atg.qa.horse.Selectingversions -->
